MATLAB is selecting SOFTWARE OPENGL rendering.

                            < M A T L A B (R) >
                  Copyright 1984-2015 The MathWorks, Inc.
                   R2015a (8.5.0.197613) 64-bit (glnxa64)
                             February 12, 2015

 
To get started, type one of these: helpwin, helpdesk, or demo.
For product information, visit www.mathworks.com.
 

	Academic License

>> >> >> >> >> >> >> >> >> >> >> >> >> >> >> >> >> >> >> >> >> >> >> >> >> >> >> >> >> >> >> >> >> >> >> >> >> >> >> >> --------------------------------------------
>> --------------------------------------------
>>     32

--------------------------------------------

sparsity =

    0.0100

generating done
direct mult
Elapsed time is 14.292647 seconds.
-----------------------

AB_norm =

   2.6712e+06


C_norm =

   2.0867e+04

--------- compressedFFT -----------
Elapsed time is 53805.308887 seconds.
>> 