MATLAB is selecting SOFTWARE OPENGL rendering.

                            < M A T L A B (R) >
                  Copyright 1984-2015 The MathWorks, Inc.
                   R2015a (8.5.0.197613) 64-bit (glnxa64)
                             February 12, 2015

 
To get started, type one of these: helpwin, helpdesk, or demo.
For product information, visit www.mathworks.com.
 

	Academic License

>> >> >> >> >> >> >> >> >> >> >> >> >> >> >> >> >> >> >> >> >> >> >> >> >> >> >> >> >> >> >> >> >> >> >> >> >> >> >> >>     32

--------------------------------------------
--------------------------------------------

sparsity =

    0.0100

generating done
direct mult
Elapsed time is 26.738865 seconds.
-----------------------

AB_norm =

   2.6712e+06


C_norm =

   2.0867e+04

--------- following methods -----------
Elapsed time is 1.114213 seconds.
    0.1774

Elapsed time is 0.882701 seconds.
    0.1769

--------- following methods -----------
Elapsed time is 1.133061 seconds.
    0.1769

Elapsed time is 0.861959 seconds.
    0.1765

--------- following methods -----------
Elapsed time is 1.014055 seconds.
    0.1768

Elapsed time is 1.032657 seconds.
    0.1764


sparsity =

   1.0000e-03

generating done
direct mult
Elapsed time is 0.414861 seconds.
-----------------------

AB_norm =

   2.6837e+05


C_norm =

   2.0973e+03

--------- following methods -----------
Elapsed time is 0.474081 seconds.
    0.1768

Elapsed time is 0.424232 seconds.
    0.1768

--------- following methods -----------
Elapsed time is 0.450213 seconds.
    0.1766

Elapsed time is 0.462958 seconds.
    0.1766

--------- following methods -----------
Elapsed time is 0.431214 seconds.
    0.1768

Elapsed time is 0.514316 seconds.
    0.1764


sparsity =

   1.0000e-04

generating done
direct mult
Elapsed time is 0.002642 seconds.
-----------------------

AB_norm =

   2.6971e+04


C_norm =

  210.7519

--------- following methods -----------
Elapsed time is 0.380232 seconds.
    0.1769

Elapsed time is 0.377677 seconds.
    0.1775

--------- following methods -----------
Elapsed time is 0.378990 seconds.
    0.1767

Elapsed time is 0.398072 seconds.
    0.1771

--------- following methods -----------
Elapsed time is 0.397856 seconds.
    0.1768

Elapsed time is 0.374952 seconds.
    0.1775

    64

--------------------------------------------
--------------------------------------------

sparsity =

    0.0100

generating done
direct mult
Elapsed time is 23.572474 seconds.
-----------------------

AB_norm =

   2.6700e+06


C_norm =

   2.0859e+04

--------- following methods -----------
Elapsed time is 1.773118 seconds.
    0.1252

Elapsed time is 1.687763 seconds.
    0.1249

--------- following methods -----------
Elapsed time is 1.736642 seconds.
    0.1247

Elapsed time is 1.772071 seconds.
    0.1250

--------- following methods -----------
Elapsed time is 1.621309 seconds.
    0.1252

Elapsed time is 1.711690 seconds.
    0.1252


sparsity =

   1.0000e-03

generating done
direct mult
Elapsed time is 0.310943 seconds.
-----------------------

AB_norm =

   2.6791e+05


C_norm =

   2.0912e+03

--------- following methods -----------
Elapsed time is 0.537747 seconds.
    0.1247

Elapsed time is 0.534642 seconds.
    0.1249

--------- following methods -----------
Elapsed time is 0.559522 seconds.
    0.1250

Elapsed time is 0.549397 seconds.
    0.1251

--------- following methods -----------
Elapsed time is 0.551952 seconds.
    0.1252

Elapsed time is 0.553884 seconds.
    0.1253


sparsity =

   1.0000e-04

generating done
direct mult
Elapsed time is 0.004379 seconds.
-----------------------

AB_norm =

   2.6832e+04


C_norm =

  210.7448

--------- following methods -----------
Elapsed time is 0.492052 seconds.
    0.1250

Elapsed time is 0.467178 seconds.
    0.1252

--------- following methods -----------
Elapsed time is 0.491799 seconds.
    0.1250

Elapsed time is 0.471768 seconds.
    0.1249

--------- following methods -----------
Elapsed time is 0.465590 seconds.
    0.1250

Elapsed time is 0.475768 seconds.
    0.1254

   128

--------------------------------------------
--------------------------------------------

sparsity =

    0.0100

generating done
direct mult
Elapsed time is 22.263437 seconds.
-----------------------

AB_norm =

   2.6707e+06


C_norm =

   2.0867e+04

--------- following methods -----------
Elapsed time is 2.848098 seconds.
    0.0884

Elapsed time is 2.805267 seconds.
    0.0884

--------- following methods -----------
Elapsed time is 2.812640 seconds.
    0.0884

Elapsed time is 2.971890 seconds.
    0.0882

--------- following methods -----------
Elapsed time is 3.465556 seconds.
    0.0885

Elapsed time is 2.900712 seconds.
    0.0886


sparsity =

   1.0000e-03

generating done
direct mult
Elapsed time is 0.283078 seconds.
-----------------------

AB_norm =

   2.6798e+05


C_norm =

   2.0929e+03

--------- following methods -----------
Elapsed time is 0.866109 seconds.
    0.0883

Elapsed time is 0.807843 seconds.
    0.0885

--------- following methods -----------
Elapsed time is 0.974842 seconds.
    0.0884

Elapsed time is 0.904021 seconds.
    0.0883

--------- following methods -----------
Elapsed time is 0.996430 seconds.
    0.0884

Elapsed time is 0.811196 seconds.
    0.0883


sparsity =

   1.0000e-04

generating done
direct mult
Elapsed time is 0.002050 seconds.
-----------------------

AB_norm =

   2.6800e+04


C_norm =

  209.2542

--------- following methods -----------
Elapsed time is 0.593587 seconds.
    0.0885

Elapsed time is 0.589224 seconds.
    0.0883

--------- following methods -----------
Elapsed time is 0.630709 seconds.
    0.0884

Elapsed time is 0.594469 seconds.
    0.0886

--------- following methods -----------
Elapsed time is 0.587400 seconds.
    0.0884

Elapsed time is 0.643495 seconds.
    0.0885

   256

--------------------------------------------
--------------------------------------------

sparsity =

    0.0100

generating done
direct mult
Elapsed time is 22.593301 seconds.
-----------------------

AB_norm =

   2.6697e+06


C_norm =

   2.0858e+04

--------- following methods -----------
Elapsed time is 5.720664 seconds.
    0.0625

Elapsed time is 5.516868 seconds.
    0.0625

--------- following methods -----------
Elapsed time is 6.735301 seconds.
    0.0625

Elapsed time is 7.163157 seconds.
    0.0624

--------- following methods -----------
Elapsed time is 6.802002 seconds.
    0.0625

Elapsed time is 7.083822 seconds.
    0.0624


sparsity =

   1.0000e-03

generating done
direct mult
Elapsed time is 0.325814 seconds.
-----------------------

AB_norm =

   2.6684e+05


C_norm =

   2.0860e+03

--------- following methods -----------
Elapsed time is 1.448573 seconds.
    0.0625

Elapsed time is 1.956939 seconds.
    0.0626

--------- following methods -----------
Elapsed time is 1.569260 seconds.
    0.0625

Elapsed time is 1.935159 seconds.
    0.0624

--------- following methods -----------
Elapsed time is 1.376317 seconds.
    0.0625

Elapsed time is 1.469519 seconds.
    0.0625


sparsity =

   1.0000e-04

generating done
direct mult
Elapsed time is 0.002248 seconds.
-----------------------

AB_norm =

   2.7153e+04


C_norm =

  212.8752

--------- following methods -----------
Elapsed time is 1.126009 seconds.
    0.0625

Elapsed time is 1.221913 seconds.
    0.0624

--------- following methods -----------
Elapsed time is 1.261728 seconds.
    0.0626

Elapsed time is 1.113286 seconds.
    0.0624

--------- following methods -----------
Elapsed time is 1.050695 seconds.
    0.0625

Elapsed time is 1.123317 seconds.
    0.0626

   512

--------------------------------------------
--------------------------------------------

sparsity =

    0.0100

generating done
direct mult
Elapsed time is 24.918770 seconds.
-----------------------

AB_norm =

   2.6707e+06


C_norm =

   2.0866e+04

--------- following methods -----------
Elapsed time is 12.137111 seconds.
    0.0442

Elapsed time is 12.332640 seconds.
    0.0442

--------- following methods -----------
Elapsed time is 11.752742 seconds.
    0.0442

Elapsed time is 12.193146 seconds.
    0.0442

--------- following methods -----------
Elapsed time is 13.820153 seconds.
    0.0442

Elapsed time is 13.066790 seconds.
    0.0442


sparsity =

   1.0000e-03

generating done
direct mult
Elapsed time is 0.303205 seconds.
-----------------------

AB_norm =

   2.6852e+05


C_norm =

   2.0960e+03

--------- following methods -----------
Elapsed time is 2.829982 seconds.
    0.0442

Elapsed time is 3.178564 seconds.
    0.0442

--------- following methods -----------
Elapsed time is 2.687056 seconds.
    0.0442

Elapsed time is 3.384087 seconds.
    0.0442

--------- following methods -----------
Elapsed time is 2.932796 seconds.
    0.0442

Elapsed time is 2.698484 seconds.
    0.0442


sparsity =

   1.0000e-04

generating done
direct mult
Elapsed time is 0.002035 seconds.
-----------------------

AB_norm =

   2.7098e+04


C_norm =

  214.1811

--------- following methods -----------
Elapsed time is 2.066830 seconds.
    0.0442

Elapsed time is 2.386743 seconds.
    0.0442

--------- following methods -----------
Elapsed time is 2.203295 seconds.
    0.0442

Elapsed time is 2.162253 seconds.
    0.0442

--------- following methods -----------
Elapsed time is 2.060244 seconds.
    0.0442

Elapsed time is 1.967670 seconds.
    0.0442

        1024

--------------------------------------------
--------------------------------------------

sparsity =

    0.0100

generating done
direct mult
Elapsed time is 31.105707 seconds.
-----------------------

AB_norm =

   2.6685e+06


C_norm =

   2.0847e+04

--------- following methods -----------
Elapsed time is 27.445256 seconds.
    0.0313

Elapsed time is 26.493104 seconds.
    0.0312

--------- following methods -----------
Elapsed time is 26.388006 seconds.
    0.0312

Elapsed time is 25.530167 seconds.
    0.0313

--------- following methods -----------
Elapsed time is 26.842024 seconds.
    0.0313

Elapsed time is 29.300567 seconds.
    0.0312


sparsity =

   1.0000e-03

generating done
direct mult
Elapsed time is 0.326872 seconds.
-----------------------

AB_norm =

   2.6833e+05


C_norm =

   2.0959e+03

--------- following methods -----------
Elapsed time is 5.403256 seconds.
    0.0313

Elapsed time is 6.397610 seconds.
    0.0312

--------- following methods -----------
Elapsed time is 5.829127 seconds.
    0.0313

Elapsed time is 5.697733 seconds.
    0.0312

--------- following methods -----------
Elapsed time is 4.877337 seconds.
    0.0313

Elapsed time is 6.533237 seconds.
    0.0312


sparsity =

   1.0000e-04

generating done
direct mult
Elapsed time is 0.002489 seconds.
-----------------------

AB_norm =

   2.6746e+04


C_norm =

  209.4402

--------- following methods -----------
Elapsed time is 3.953263 seconds.
    0.0312

Elapsed time is 3.851189 seconds.
    0.0313

--------- following methods -----------
Elapsed time is 4.341854 seconds.
    0.0312

Elapsed time is 3.705752 seconds.
    0.0313

--------- following methods -----------
Elapsed time is 3.983191 seconds.
    0.0312

Elapsed time is 3.751208 seconds.
    0.0312

>> 